2019-12-16 19:30:00,319 INFO o.a.j.u.JMeterUtils: Setting Locale to en_EN
2019-12-16 19:30:00,364 INFO o.a.j.JMeter: Loading user properties from: /usr/local/Cellar/jmeter/5.2.1/libexec/bin/user.properties
2019-12-16 19:30:00,365 INFO o.a.j.JMeter: Loading system properties from: /usr/local/Cellar/jmeter/5.2.1/libexec/bin/system.properties
2019-12-16 19:30:00,368 INFO o.a.j.JMeter: Copyright (c) 1998-2019 The Apache Software Foundation
2019-12-16 19:30:00,369 INFO o.a.j.JMeter: Version 5.2.1
2019-12-16 19:30:00,369 INFO o.a.j.JMeter: java.version=11.0.5
2019-12-16 19:30:00,369 INFO o.a.j.JMeter: java.vm.name=Java HotSpot(TM) 64-Bit Server VM
2019-12-16 19:30:00,369 INFO o.a.j.JMeter: os.name=Mac OS X
2019-12-16 19:30:00,369 INFO o.a.j.JMeter: os.arch=x86_64
2019-12-16 19:30:00,369 INFO o.a.j.JMeter: os.version=10.15.2
2019-12-16 19:30:00,369 INFO o.a.j.JMeter: file.encoding=UTF-8
2019-12-16 19:30:00,370 INFO o.a.j.JMeter: java.awt.headless=null
2019-12-16 19:30:00,370 INFO o.a.j.JMeter: Max memory     =1073741824
2019-12-16 19:30:00,370 INFO o.a.j.JMeter: Available Processors =4
2019-12-16 19:30:00,384 INFO o.a.j.JMeter: Default Locale=English (EN)
2019-12-16 19:30:00,385 INFO o.a.j.JMeter: JMeter  Locale=English (EN)
2019-12-16 19:30:00,385 INFO o.a.j.JMeter: JMeterHome=/usr/local/Cellar/jmeter/5.2.1/libexec
2019-12-16 19:30:00,385 INFO o.a.j.JMeter: user.dir  =/Users/yenz0redd/Desktop/vapor/server
2019-12-16 19:30:00,385 INFO o.a.j.JMeter: PWD       =/Users/yenz0redd/Desktop/vapor/server
2019-12-16 19:30:00,387 INFO o.a.j.JMeter: IP: 127.0.0.1 Name: yenz0redds-MacBook-Pro.local FullName: localhost
2019-12-16 19:30:03,141 INFO o.a.j.g.a.LookAndFeelCommand: Installing Darcula LAF
2019-12-16 19:30:03,157 INFO o.a.j.g.a.LookAndFeelCommand: Using look and feel: com.bulenkov.darcula.DarculaLaf [Darcula]
2019-12-16 19:30:03,157 INFO o.a.j.JMeter: Setting LAF to: com.bulenkov.darcula.DarculaLaf
2019-12-16 19:30:03,379 INFO o.a.j.JMeter: Loaded icon properties from org/apache/jmeter/images/icon.properties
2019-12-16 19:30:05,873 INFO k.a.j.JMeterPluginsUtils: JMeter-Plugins.org v.1.4.0
2019-12-16 19:30:06,728 WARN o.a.j.g.u.MenuFactory: Could not instantiate class: kg.apc.jmeter.reporters.LoadosophiaUploaderGui
java.lang.reflect.InvocationTargetException: null
	at jdk.internal.reflect.NativeConstructorAccessorImpl.newInstance0(Native Method) ~[?:?]
	at jdk.internal.reflect.NativeConstructorAccessorImpl.newInstance(NativeConstructorAccessorImpl.java:62) ~[?:?]
	at jdk.internal.reflect.DelegatingConstructorAccessorImpl.newInstance(DelegatingConstructorAccessorImpl.java:45) ~[?:?]
	at java.lang.reflect.Constructor.newInstance(Constructor.java:490) ~[?:?]
	at org.apache.jmeter.gui.util.MenuFactory.getGUIComponent(MenuFactory.java:174) ~[ApacheJMeter_core.jar:5.2.1]
	at org.apache.jmeter.gui.util.MenuFactory.initializeMenus(MenuFactory.java:141) ~[ApacheJMeter_core.jar:5.2.1]
	at org.apache.jmeter.gui.util.MenuFactory.<clinit>(MenuFactory.java:106) ~[ApacheJMeter_core.jar:5.2.1]
	at org.apache.jmeter.control.gui.TestPlanGui.createPopupMenu(TestPlanGui.java:92) ~[ApacheJMeter_core.jar:5.2.1]
	at org.apache.jmeter.gui.tree.JMeterTreeNode.createPopupMenu(JMeterTreeNode.java:185) ~[ApacheJMeter_core.jar:5.2.1]
	at org.apache.jmeter.gui.action.EditCommand.doAction(EditCommand.java:46) ~[ApacheJMeter_core.jar:5.2.1]
	at org.apache.jmeter.gui.action.ActionRouter.performAction(ActionRouter.java:88) ~[ApacheJMeter_core.jar:5.2.1]
	at org.apache.jmeter.gui.action.ActionRouter.lambda$actionPerformed$0(ActionRouter.java:70) ~[ApacheJMeter_core.jar:5.2.1]
	at java.awt.event.InvocationEvent.dispatch(InvocationEvent.java:313) [?:?]
	at java.awt.EventQueue.dispatchEventImpl(EventQueue.java:770) [?:?]
	at java.awt.EventQueue$4.run(EventQueue.java:721) [?:?]
	at java.awt.EventQueue$4.run(EventQueue.java:715) [?:?]
	at java.security.AccessController.doPrivileged(Native Method) ~[?:?]
	at java.security.ProtectionDomain$JavaSecurityAccessImpl.doIntersectionPrivilege(ProtectionDomain.java:85) [?:?]
	at java.awt.EventQueue.dispatchEvent(EventQueue.java:740) [?:?]
	at java.awt.EventDispatchThread.pumpOneEventForFilters(EventDispatchThread.java:203) [?:?]
	at java.awt.EventDispatchThread.pumpEventsForFilter(EventDispatchThread.java:124) [?:?]
	at java.awt.EventDispatchThread.pumpEventsForHierarchy(EventDispatchThread.java:113) [?:?]
	at java.awt.EventDispatchThread.pumpEvents(EventDispatchThread.java:109) [?:?]
	at java.awt.EventDispatchThread.pumpEvents(EventDispatchThread.java:101) [?:?]
	at java.awt.EventDispatchThread.run(EventDispatchThread.java:90) [?:?]
Caused by: java.lang.NoClassDefFoundError: org/apache/commons/httpclient/methods/multipart/PartSource
	at kg.apc.jmeter.reporters.LoadosophiaUploaderGui.init(LoadosophiaUploaderGui.java:114) ~[JMeterPlugins-Standard.jar:?]
	at kg.apc.jmeter.reporters.LoadosophiaUploaderGui.<init>(LoadosophiaUploaderGui.java:28) ~[JMeterPlugins-Standard.jar:?]
	... 25 more
Caused by: java.lang.ClassNotFoundException: org.apache.commons.httpclient.methods.multipart.PartSource
	at java.net.URLClassLoader.findClass(URLClassLoader.java:471) ~[?:?]
	at java.lang.ClassLoader.loadClass(ClassLoader.java:588) ~[?:?]
	at java.lang.ClassLoader.loadClass(ClassLoader.java:521) ~[?:?]
	at kg.apc.jmeter.reporters.LoadosophiaUploaderGui.init(LoadosophiaUploaderGui.java:114) ~[JMeterPlugins-Standard.jar:?]
	at kg.apc.jmeter.reporters.LoadosophiaUploaderGui.<init>(LoadosophiaUploaderGui.java:28) ~[JMeterPlugins-Standard.jar:?]
	... 25 more
2019-12-16 19:30:11,323 INFO o.a.j.p.h.s.HTTPSamplerBase: Parser for text/html is org.apache.jmeter.protocol.http.parser.LagartoBasedHtmlParser
2019-12-16 19:30:11,324 INFO o.a.j.p.h.s.HTTPSamplerBase: Parser for application/xhtml+xml is org.apache.jmeter.protocol.http.parser.LagartoBasedHtmlParser
2019-12-16 19:30:11,324 INFO o.a.j.p.h.s.HTTPSamplerBase: Parser for application/xml is org.apache.jmeter.protocol.http.parser.LagartoBasedHtmlParser
2019-12-16 19:30:11,324 INFO o.a.j.p.h.s.HTTPSamplerBase: Parser for text/xml is org.apache.jmeter.protocol.http.parser.LagartoBasedHtmlParser
2019-12-16 19:30:11,325 INFO o.a.j.p.h.s.HTTPSamplerBase: Parser for text/vnd.wap.wml is org.apache.jmeter.protocol.http.parser.RegexpHTMLParser
2019-12-16 19:30:11,326 INFO o.a.j.p.h.s.HTTPSamplerBase: Parser for text/css is org.apache.jmeter.protocol.http.parser.CssParser
2019-12-16 19:30:13,376 INFO o.a.j.e.KeyToolUtils: keytool found at 'keytool'
2019-12-16 19:30:13,378 INFO o.a.j.p.h.p.ProxyControl: HTTP(S) Test Script Recorder SSL Proxy will use keys that support embedded 3rd party resources in file /usr/local/Cellar/jmeter/5.2.1/libexec/bin/proxyserver.jks
2019-12-16 19:30:13,701 INFO o.a.j.s.FileServer: Default base='/Users/yenz0redd/Desktop/vapor/server'
2019-12-16 19:30:14,247 INFO o.a.j.s.SampleResult: Note: Sample TimeStamps are START times
2019-12-16 19:30:14,247 INFO o.a.j.s.SampleResult: sampleresult.default.encoding is set to ISO-8859-1
2019-12-16 19:30:14,248 INFO o.a.j.s.SampleResult: sampleresult.useNanoTime=true
2019-12-16 19:30:14,248 INFO o.a.j.s.SampleResult: sampleresult.nanoThreadSleep=5000
2019-12-16 19:30:14,350 INFO o.a.j.v.ViewResultsFullVisualizer: Add JavaFX to your Java installation if you want to use renderer: org.apache.jmeter.visualizers.RenderInBrowser
2019-12-16 19:32:45,873 INFO o.a.j.s.FileServer: Set new base='/Users/yenz0redd/Desktop/vapor/server/Tests/AppTests'
2019-12-16 19:32:46,094 INFO o.a.j.s.SaveService: Testplan (JMX) version: 2.2. Testlog (JTL) version: 2.2
2019-12-16 19:32:46,114 INFO o.a.j.s.SaveService: Using SaveService properties version 5.0
2019-12-16 19:32:46,116 INFO o.a.j.s.SaveService: Using SaveService properties file encoding UTF-8
2019-12-16 19:32:46,158 INFO o.a.j.e.StandardJMeterEngine: Running the test!
2019-12-16 19:32:46,162 INFO o.a.j.s.SampleEvent: List of sample_variables: []
2019-12-16 19:32:46,162 INFO o.a.j.s.SampleEvent: List of sample_variables: []
2019-12-16 19:32:46,174 INFO o.a.j.e.u.CompoundVariable: Note: Function class names must contain the string: '.functions.'
2019-12-16 19:32:46,174 INFO o.a.j.e.u.CompoundVariable: Note: Function class names must not contain the string: '.gui.'
2019-12-16 19:32:46,521 INFO o.a.j.g.u.JMeterMenuBar: setRunning(true, *local*)
2019-12-16 19:32:46,635 INFO o.a.j.e.StandardJMeterEngine: Starting ThreadGroup: 1 : Thread Group
2019-12-16 19:32:46,639 INFO o.a.j.e.StandardJMeterEngine: Starting 40 threads for group Thread Group.
2019-12-16 19:32:46,639 INFO o.a.j.e.StandardJMeterEngine: Thread will continue on error
2019-12-16 19:32:46,639 INFO o.a.j.t.ThreadGroup: Starting thread group... number=1 threads=40 ramp-up=2 delayedStart=false
2019-12-16 19:32:46,655 INFO o.a.j.t.JMeterThread: Thread started: Thread Group 1-1
2019-12-16 19:32:46,677 INFO o.a.j.t.JMeterThread: Thread is done: Thread Group 1-1
2019-12-16 19:32:46,677 INFO o.a.j.t.JMeterThread: Thread finished: Thread Group 1-1
2019-12-16 19:32:46,692 INFO o.a.j.t.JMeterThread: Thread started: Thread Group 1-2
2019-12-16 19:32:46,699 INFO o.a.j.t.JMeterThread: Thread is done: Thread Group 1-2
2019-12-16 19:32:46,700 INFO o.a.j.t.JMeterThread: Thread finished: Thread Group 1-2
2019-12-16 19:32:46,715 INFO o.a.j.t.ThreadGroup: Started thread group number 1
2019-12-16 19:32:46,715 INFO o.a.j.e.StandardJMeterEngine: All thread groups have been started
2019-12-16 19:32:46,744 INFO o.a.j.t.JMeterThread: Thread started: Thread Group 1-3
2019-12-16 19:32:46,748 INFO o.a.j.t.JMeterThread: Thread is done: Thread Group 1-3
2019-12-16 19:32:46,748 INFO o.a.j.t.JMeterThread: Thread finished: Thread Group 1-3
2019-12-16 19:32:46,797 INFO o.a.j.t.JMeterThread: Thread started: Thread Group 1-4
2019-12-16 19:32:46,801 INFO o.a.j.t.JMeterThread: Thread is done: Thread Group 1-4
2019-12-16 19:32:46,801 INFO o.a.j.t.JMeterThread: Thread finished: Thread Group 1-4
2019-12-16 19:32:46,847 INFO o.a.j.t.JMeterThread: Thread started: Thread Group 1-5
2019-12-16 19:32:46,850 INFO o.a.j.t.JMeterThread: Thread is done: Thread Group 1-5
2019-12-16 19:32:46,850 INFO o.a.j.t.JMeterThread: Thread finished: Thread Group 1-5
2019-12-16 19:32:46,900 INFO o.a.j.t.JMeterThread: Thread started: Thread Group 1-6
2019-12-16 19:32:46,902 INFO o.a.j.t.JMeterThread: Thread is done: Thread Group 1-6
2019-12-16 19:32:46,903 INFO o.a.j.t.JMeterThread: Thread finished: Thread Group 1-6
2019-12-16 19:32:46,946 INFO o.a.j.t.JMeterThread: Thread started: Thread Group 1-7
2019-12-16 19:32:46,949 INFO o.a.j.t.JMeterThread: Thread is done: Thread Group 1-7
2019-12-16 19:32:46,950 INFO o.a.j.t.JMeterThread: Thread finished: Thread Group 1-7
2019-12-16 19:32:46,993 INFO o.a.j.t.JMeterThread: Thread started: Thread Group 1-8
2019-12-16 19:32:46,997 INFO o.a.j.t.JMeterThread: Thread is done: Thread Group 1-8
2019-12-16 19:32:46,997 INFO o.a.j.t.JMeterThread: Thread finished: Thread Group 1-8
2019-12-16 19:32:47,041 INFO o.a.j.t.JMeterThread: Thread started: Thread Group 1-9
2019-12-16 19:32:47,044 INFO o.a.j.t.JMeterThread: Thread is done: Thread Group 1-9
2019-12-16 19:32:47,044 INFO o.a.j.t.JMeterThread: Thread finished: Thread Group 1-9
2019-12-16 19:32:47,093 INFO o.a.j.t.JMeterThread: Thread started: Thread Group 1-10
2019-12-16 19:32:47,097 INFO o.a.j.t.JMeterThread: Thread is done: Thread Group 1-10
2019-12-16 19:32:47,097 INFO o.a.j.t.JMeterThread: Thread finished: Thread Group 1-10
2019-12-16 19:32:47,141 INFO o.a.j.t.JMeterThread: Thread started: Thread Group 1-11
2019-12-16 19:32:47,144 INFO o.a.j.t.JMeterThread: Thread is done: Thread Group 1-11
2019-12-16 19:32:47,144 INFO o.a.j.t.JMeterThread: Thread finished: Thread Group 1-11
2019-12-16 19:32:47,191 INFO o.a.j.t.JMeterThread: Thread started: Thread Group 1-12
2019-12-16 19:32:47,195 INFO o.a.j.t.JMeterThread: Thread is done: Thread Group 1-12
2019-12-16 19:32:47,195 INFO o.a.j.t.JMeterThread: Thread finished: Thread Group 1-12
2019-12-16 19:32:47,245 INFO o.a.j.t.JMeterThread: Thread started: Thread Group 1-13
2019-12-16 19:32:47,247 INFO o.a.j.t.JMeterThread: Thread is done: Thread Group 1-13
2019-12-16 19:32:47,247 INFO o.a.j.t.JMeterThread: Thread finished: Thread Group 1-13
2019-12-16 19:32:47,295 INFO o.a.j.t.JMeterThread: Thread started: Thread Group 1-14
2019-12-16 19:32:47,297 INFO o.a.j.t.JMeterThread: Thread is done: Thread Group 1-14
2019-12-16 19:32:47,298 INFO o.a.j.t.JMeterThread: Thread finished: Thread Group 1-14
2019-12-16 19:32:47,342 INFO o.a.j.t.JMeterThread: Thread started: Thread Group 1-15
2019-12-16 19:32:47,344 INFO o.a.j.t.JMeterThread: Thread is done: Thread Group 1-15
2019-12-16 19:32:47,344 INFO o.a.j.t.JMeterThread: Thread finished: Thread Group 1-15
2019-12-16 19:32:47,394 INFO o.a.j.t.JMeterThread: Thread started: Thread Group 1-16
2019-12-16 19:32:47,396 INFO o.a.j.t.JMeterThread: Thread is done: Thread Group 1-16
2019-12-16 19:32:47,396 INFO o.a.j.t.JMeterThread: Thread finished: Thread Group 1-16
2019-12-16 19:32:47,447 INFO o.a.j.t.JMeterThread: Thread started: Thread Group 1-17
2019-12-16 19:32:47,448 INFO o.a.j.t.JMeterThread: Thread is done: Thread Group 1-17
2019-12-16 19:32:47,449 INFO o.a.j.t.JMeterThread: Thread finished: Thread Group 1-17
2019-12-16 19:32:47,493 INFO o.a.j.t.JMeterThread: Thread started: Thread Group 1-18
2019-12-16 19:32:47,496 INFO o.a.j.t.JMeterThread: Thread is done: Thread Group 1-18
2019-12-16 19:32:47,497 INFO o.a.j.t.JMeterThread: Thread finished: Thread Group 1-18
2019-12-16 19:32:47,542 INFO o.a.j.t.JMeterThread: Thread started: Thread Group 1-19
2019-12-16 19:32:47,545 INFO o.a.j.t.JMeterThread: Thread is done: Thread Group 1-19
2019-12-16 19:32:47,545 INFO o.a.j.t.JMeterThread: Thread finished: Thread Group 1-19
2019-12-16 19:32:47,594 INFO o.a.j.t.JMeterThread: Thread started: Thread Group 1-20
2019-12-16 19:32:47,597 INFO o.a.j.t.JMeterThread: Thread is done: Thread Group 1-20
2019-12-16 19:32:47,597 INFO o.a.j.t.JMeterThread: Thread finished: Thread Group 1-20
2019-12-16 19:32:47,641 INFO o.a.j.t.JMeterThread: Thread started: Thread Group 1-21
2019-12-16 19:32:47,645 INFO o.a.j.t.JMeterThread: Thread is done: Thread Group 1-21
2019-12-16 19:32:47,646 INFO o.a.j.t.JMeterThread: Thread finished: Thread Group 1-21
2019-12-16 19:32:47,697 INFO o.a.j.t.JMeterThread: Thread started: Thread Group 1-22
2019-12-16 19:32:47,702 INFO o.a.j.t.JMeterThread: Thread is done: Thread Group 1-22
2019-12-16 19:32:47,703 INFO o.a.j.t.JMeterThread: Thread finished: Thread Group 1-22
2019-12-16 19:32:47,744 INFO o.a.j.t.JMeterThread: Thread started: Thread Group 1-23
2019-12-16 19:32:47,748 INFO o.a.j.t.JMeterThread: Thread is done: Thread Group 1-23
2019-12-16 19:32:47,748 INFO o.a.j.t.JMeterThread: Thread finished: Thread Group 1-23
2019-12-16 19:32:47,793 INFO o.a.j.t.JMeterThread: Thread started: Thread Group 1-24
2019-12-16 19:32:47,796 INFO o.a.j.t.JMeterThread: Thread is done: Thread Group 1-24
2019-12-16 19:32:47,796 INFO o.a.j.t.JMeterThread: Thread finished: Thread Group 1-24
2019-12-16 19:32:47,842 INFO o.a.j.t.JMeterThread: Thread started: Thread Group 1-25
2019-12-16 19:32:47,844 INFO o.a.j.t.JMeterThread: Thread is done: Thread Group 1-25
2019-12-16 19:32:47,844 INFO o.a.j.t.JMeterThread: Thread finished: Thread Group 1-25
2019-12-16 19:32:47,895 INFO o.a.j.t.JMeterThread: Thread started: Thread Group 1-26
2019-12-16 19:32:47,898 INFO o.a.j.t.JMeterThread: Thread is done: Thread Group 1-26
2019-12-16 19:32:47,901 INFO o.a.j.t.JMeterThread: Thread finished: Thread Group 1-26
2019-12-16 19:32:47,944 INFO o.a.j.t.JMeterThread: Thread started: Thread Group 1-27
2019-12-16 19:32:47,949 INFO o.a.j.t.JMeterThread: Thread is done: Thread Group 1-27
2019-12-16 19:32:47,949 INFO o.a.j.t.JMeterThread: Thread finished: Thread Group 1-27
2019-12-16 19:32:47,993 INFO o.a.j.t.JMeterThread: Thread started: Thread Group 1-28
2019-12-16 19:32:47,995 INFO o.a.j.t.JMeterThread: Thread is done: Thread Group 1-28
2019-12-16 19:32:47,995 INFO o.a.j.t.JMeterThread: Thread finished: Thread Group 1-28
2019-12-16 19:32:48,040 INFO o.a.j.t.JMeterThread: Thread started: Thread Group 1-29
2019-12-16 19:32:48,043 INFO o.a.j.t.JMeterThread: Thread is done: Thread Group 1-29
2019-12-16 19:32:48,043 INFO o.a.j.t.JMeterThread: Thread finished: Thread Group 1-29
2019-12-16 19:32:48,095 INFO o.a.j.t.JMeterThread: Thread started: Thread Group 1-30
2019-12-16 19:32:48,101 INFO o.a.j.t.JMeterThread: Thread is done: Thread Group 1-30
2019-12-16 19:32:48,101 INFO o.a.j.t.JMeterThread: Thread finished: Thread Group 1-30
2019-12-16 19:32:48,141 INFO o.a.j.t.JMeterThread: Thread started: Thread Group 1-31
2019-12-16 19:32:48,144 INFO o.a.j.t.JMeterThread: Thread is done: Thread Group 1-31
2019-12-16 19:32:48,144 INFO o.a.j.t.JMeterThread: Thread finished: Thread Group 1-31
2019-12-16 19:32:48,193 INFO o.a.j.t.JMeterThread: Thread started: Thread Group 1-32
2019-12-16 19:32:48,196 INFO o.a.j.t.JMeterThread: Thread is done: Thread Group 1-32
2019-12-16 19:32:48,196 INFO o.a.j.t.JMeterThread: Thread finished: Thread Group 1-32
2019-12-16 19:32:48,242 INFO o.a.j.t.JMeterThread: Thread started: Thread Group 1-33
2019-12-16 19:32:48,245 INFO o.a.j.t.JMeterThread: Thread is done: Thread Group 1-33
2019-12-16 19:32:48,245 INFO o.a.j.t.JMeterThread: Thread finished: Thread Group 1-33
2019-12-16 19:32:48,290 INFO o.a.j.t.JMeterThread: Thread started: Thread Group 1-34
2019-12-16 19:32:48,293 INFO o.a.j.t.JMeterThread: Thread is done: Thread Group 1-34
2019-12-16 19:32:48,294 INFO o.a.j.t.JMeterThread: Thread finished: Thread Group 1-34
2019-12-16 19:32:48,340 INFO o.a.j.t.JMeterThread: Thread started: Thread Group 1-35
2019-12-16 19:32:48,343 INFO o.a.j.t.JMeterThread: Thread is done: Thread Group 1-35
2019-12-16 19:32:48,344 INFO o.a.j.t.JMeterThread: Thread finished: Thread Group 1-35
2019-12-16 19:32:48,391 INFO o.a.j.t.JMeterThread: Thread started: Thread Group 1-36
2019-12-16 19:32:48,393 INFO o.a.j.t.JMeterThread: Thread is done: Thread Group 1-36
2019-12-16 19:32:48,393 INFO o.a.j.t.JMeterThread: Thread finished: Thread Group 1-36
2019-12-16 19:32:48,442 INFO o.a.j.t.JMeterThread: Thread started: Thread Group 1-37
2019-12-16 19:32:48,444 INFO o.a.j.t.JMeterThread: Thread is done: Thread Group 1-37
2019-12-16 19:32:48,444 INFO o.a.j.t.JMeterThread: Thread finished: Thread Group 1-37
2019-12-16 19:32:48,494 INFO o.a.j.t.JMeterThread: Thread started: Thread Group 1-38
2019-12-16 19:32:48,496 INFO o.a.j.t.JMeterThread: Thread is done: Thread Group 1-38
2019-12-16 19:32:48,497 INFO o.a.j.t.JMeterThread: Thread finished: Thread Group 1-38
2019-12-16 19:32:48,539 INFO o.a.j.t.JMeterThread: Thread started: Thread Group 1-39
2019-12-16 19:32:48,542 INFO o.a.j.t.JMeterThread: Thread is done: Thread Group 1-39
2019-12-16 19:32:48,543 INFO o.a.j.t.JMeterThread: Thread finished: Thread Group 1-39
2019-12-16 19:32:48,590 INFO o.a.j.t.JMeterThread: Thread started: Thread Group 1-40
2019-12-16 19:32:48,594 INFO o.a.j.t.JMeterThread: Thread is done: Thread Group 1-40
2019-12-16 19:32:48,594 INFO o.a.j.t.JMeterThread: Thread finished: Thread Group 1-40
2019-12-16 19:32:48,595 INFO o.a.j.e.StandardJMeterEngine: Notifying test listeners of end of test
2019-12-16 19:32:48,595 INFO o.a.j.g.u.JMeterMenuBar: setRunning(false, *local*)
